Added Component: Designator=C1(C0402)
Added Component: Designator=C2(C0402)
Added Component: Designator=C3(C0402)
Added Component: Designator=P1(HEADER1X8)
Added Component: Designator=P2(HEADER1X8)
Added Component: Designator=P3(HDR1X2)
Added Component: Designator=R1(0402_RES)
Added Component: Designator=TP1(TestPoint - SMD_1mm)
Added Component: Designator=TP2(TestPoint - SMD_1mm)
Added Component: Designator=TP3(TestPoint - SMD_1mm)
Added Component: Designator=U?(RAK4200)
Added Component: Designator=X1(U.FL)
Added Pin To Net: NetName=3V3 Pin=C1-1
Added Pin To Net: NetName=3V3 Pin=C2-1
Added Pin To Net: NetName=3V3 Pin=P2-1
Added Pin To Net: NetName=3V3 Pin=P3-1
Added Pin To Net: NetName=3V3 Pin=R1-2
Added Pin To Net: NetName=3V3 Pin=U?-20
Added Net: Name=3V3
Added Pin To Net: NetName=GND Pin=C1-2
Added Pin To Net: NetName=GND Pin=C2-2
Added Pin To Net: NetName=GND Pin=C3-2
Added Pin To Net: NetName=GND Pin=P2-4
Added Pin To Net: NetName=GND Pin=P3-2
Added Pin To Net: NetName=GND Pin=U?-11
Added Pin To Net: NetName=GND Pin=U?-13
Added Pin To Net: NetName=GND Pin=U?-14
Added Pin To Net: NetName=GND Pin=U?-19
Added Pin To Net: NetName=GND Pin=X1-2
Added Pin To Net: NetName=GND Pin=X1-3
Added Net: Name=GND
Added Pin To Net: NetName=I2C_SDA/PB6 Pin=P1-7
Added Pin To Net: NetName=I2C_SDA/PB6 Pin=U?-9
Added Net: Name=I2C_SDA/PB6
Added Pin To Net: NetName=I2C_SDA/PB7 Pin=P1-8
Added Pin To Net: NetName=I2C_SDA/PB7 Pin=U?-10
Added Net: Name=I2C_SDA/PB7
Added Pin To Net: NetName=MCU_NRST Pin=C3-1
Added Pin To Net: NetName=MCU_NRST Pin=P2-5
Added Pin To Net: NetName=MCU_NRST Pin=R1-1
Added Pin To Net: NetName=MCU_NRST Pin=U?-18
Added Net: Name=MCU_NRST
Added Pin To Net: NetName=NetU?_12 Pin=U?-12
Added Pin To Net: NetName=NetU?_12 Pin=X1-1
Added Net: Name=NetU?_12
Added Pin To Net: NetName=SPI_CLK_1 Pin=P2-8
Added Pin To Net: NetName=SPI_CLK_1 Pin=U?-15
Added Net: Name=SPI_CLK_1
Added Pin To Net: NetName=SPI_MISO_1 Pin=P2-7
Added Pin To Net: NetName=SPI_MISO_1 Pin=U?-16
Added Net: Name=SPI_MISO_1
Added Pin To Net: NetName=SPI_MOSI_1 Pin=P2-6
Added Pin To Net: NetName=SPI_MOSI_1 Pin=U?-17
Added Net: Name=SPI_MOSI_1
Added Pin To Net: NetName=SWCLK/PA14 Pin=P1-6
Added Pin To Net: NetName=SWCLK/PA14 Pin=U?-8
Added Net: Name=SWCLK/PA14
Added Pin To Net: NetName=SWDIO/PA13 Pin=P1-5
Added Pin To Net: NetName=SWDIO/PA13 Pin=U?-7
Added Net: Name=SWDIO/PA13
Added Pin To Net: NetName=UART0_DE/PA12 Pin=P1-4
Added Pin To Net: NetName=UART0_DE/PA12 Pin=U?-6
Added Net: Name=UART0_DE/PA12
Added Pin To Net: NetName=UART0_RX/PA10 Pin=P2-3
Added Pin To Net: NetName=UART0_RX/PA10 Pin=U?-5
Added Net: Name=UART0_RX/PA10
Added Pin To Net: NetName=UART0_TX/PA9 Pin=P2-2
Added Pin To Net: NetName=UART0_TX/PA9 Pin=U?-4
Added Net: Name=UART0_TX/PA9
Added Pin To Net: NetName=UART1_DE/PA1 Pin=P1-3
Added Pin To Net: NetName=UART1_DE/PA1 Pin=U?-3
Added Net: Name=UART1_DE/PA1
Added Pin To Net: NetName=UART1_RXPA3 Pin=P1-1
Added Pin To Net: NetName=UART1_RXPA3 Pin=U?-1
Added Net: Name=UART1_RXPA3
Added Pin To Net: NetName=UART1_TXPA2 Pin=P1-2
Added Pin To Net: NetName=UART1_TXPA2 Pin=U?-2
Added Net: Name=UART1_TXPA2
Added Class: Name=RAK4200
